
======================================================================
YOUTUBE RETRY — 21 candidate(s)
======================================================================
  Tier 2: 21 races


[1/21] almaty-ski-marathon (T2, Kazakhstan) — Almaty Ski Marathon
  Query 1/3 (quoted+xc): "Almaty Ski Marathon" cross country skiing
    Found 5 video(s)
    Running enrichment...
    Enrichment did not produce videos, trying next query...
  Query 2/3 (name+year): "Almaty Ski Marathon" 2026 race
    Found 6 video(s)
    Running enrichment...
    Enrichment did not produce videos, trying next query...
  Query 3/3 (display+ski): "Almaty Ski Marathon" ski race
    Found 5 video(s)
    Running enrichment...
    Enrichment did not produce videos, trying next query...
  FAILED — no query variation produced results

[2/21] bieg-grunwaldzki (T2, Poland) — Bieg Grunwaldzki
  Query 1/3 (quoted+xc): "Bieg Grunwaldzki" cross country skiing
    Found 1 video(s)
    Running enrichment...
    Enrichment did not produce videos, trying next query...
  Query 2/3 (name+year): "Bieg Grunwaldzki" 2026 race
    No results
  Query 3/3 (display+ski): "Bieg Grunwaldzki" ski race
    Found 6 video(s)
    Running enrichment...
    Enrichment did not produce videos, trying next query...
  FAILED — no query variation produced results

[3/21] holmenkollen-skimaraton (T2, Norway) — Holmenkollen Skimaraton
  Query 1/3 (quoted+xc): "Holmenkollen Skimaraton" cross country skiing
    Found 8 video(s)
    Running enrichment...
    Enrichment did not produce videos, trying next query...
  Query 2/3 (name+year): "Holmenkollen Skimaraton" 2026 race
    Found 7 video(s)
    Running enrichment...
    Enrichment did not produce videos, trying next query...
  Query 3/3 (display+ski): "Holmenkollen Skimaraton" ski race
    Found 7 video(s)
    Running enrichment...
    Enrichment did not produce videos, trying next query...
  FAILED — no query variation produced results

[4/21] ingalami (T2, Norway) — IngaLåmi
  Query 1/3 (quoted+xc): "IngaLåmi" cross country skiing
    Found 8 video(s)
    Running enrichment...
    Enrichment did not produce videos, trying next query...
  Query 2/3 (name+year): "IngaLåmi" 2026 race
    No results
  Query 3/3 (display+ski): "IngaLåmi" ski race
    Found 8 video(s)
    Running enrichment...
    Enrichment did not produce videos, trying next query...
  FAILED — no query variation produced results

[5/21] jamtkraft-ski-marathon (T2, Sweden) — Jämtkraft Ski Marathon
  Query 1/3 (quoted+xc): "Jämtkraft Ski Marathon" cross country skiing
    Found 8 video(s)
    Running enrichment...
    Enrichment did not produce videos, trying next query...
  Query 2/3 (name+year): "Jämtkraft Ski Marathon" 2026 race
    No results
  Query 3/3 (display+ski): "Jämtkraft Ski Marathon" ski race
    Found 8 video(s)
    Running enrichment...
    Enrichment did not produce videos, trying next query...
  FAILED — no query variation produced results

[6/21] kainuu-ski-marathon (T2, Finland) — Kainuu Ski Marathon
  Query 1/3 (quoted+xc): "Kainuu Ski Marathon" cross country skiing
    Found 7 video(s)
    Running enrichment...
    Enrichment did not produce videos, trying next query...
  Query 2/3 (name+year): "Kainuu Ski Marathon" 2026 race
    Found 1 video(s)
    Running enrichment...
    Enrichment did not produce videos, trying next query...
  Query 3/3 (display+ski): "Kainuu Ski Marathon" ski race
    Found 8 video(s)
    Running enrichment...
    Enrichment did not produce videos, trying next query...
  FAILED — no query variation produced results

[7/21] khanty-mansiysk-ski-marathon (T2, Russia) — Khanty-Mansiysk Ski Marathon
  Query 1/3 (quoted+xc): "Khanty-Mansiysk Ski Marathon" cross country skiing
    Found 7 video(s)
    Running enrichment...
    Enrichment did not produce videos, trying next query...
  Query 2/3 (name+year): "Khanty-Mansiysk Ski Marathon" 2026 race
    No results
  Query 3/3 (display+ski): "Khanty-Mansiysk Ski Marathon" ski race
    Found 7 video(s)
    Running enrichment...
    Enrichment did not produce videos, trying next query...
  FAILED — no query variation produced results

[8/21] krkonossky-maraton (T2, Czech Republic) — Krkonošský Maratón
  Query 1/3 (quoted+xc): "Krkonošský Maratón" cross country skiing
    Found 1 video(s)
    Running enrichment...
    Enrichment did not produce videos, trying next query...
  Query 2/3 (name+year): "Krkonošský Maratón" 2026 race
    Found 1 video(s)
    Running enrichment...
    Enrichment did not produce videos, trying next query...
  Query 3/3 (display+ski): "Krkonošský Maratón" ski race
    Found 2 video(s)
    Running enrichment...
    Enrichment did not produce videos, trying next query...
  FAILED — no query variation produced results

[9/21] kulakova-marathon (T2, Russia) — Kulakova Marathon
  Query 1/3 (quoted+xc): "Kulakova Marathon" cross country skiing
    Found 4 video(s)
    Running enrichment...
    Enrichment did not produce videos, trying next query...
  Query 2/3 (name+year): "Kulakova Marathon" 2026 race
    No results
  Query 3/3 (display+ski): "Kulakova Marathon" ski race
    Found 6 video(s)
    Running enrichment...
    Enrichment did not produce videos, trying next query...
  FAILED — no query variation produced results

[10/21] mont-sainte-anne-loppet (T2, Canada) — Mont-Sainte-Anne Loppet
  Query 1/3 (quoted+xc): "Mont-Sainte-Anne Loppet" cross country skiing
    Found 7 video(s)
    Running enrichment...
    Enrichment did not produce videos, trying next query...
  Query 2/3 (name+year): "Mont-Sainte-Anne Loppet" 2026 race
    Found 2 video(s)
    Running enrichment...
    Enrichment did not produce videos, trying next query...
  Query 3/3 (display+ski): "Mont-Sainte-Anne Loppet" ski race
    Found 8 video(s)
    Running enrichment...
    Enrichment did not produce videos, trying next query...
  FAILED — no query variation produced results

[11/21] oppet-spar (T2, Sweden) — Öppet Spår
  Query 1/3 (quoted+xc): "Öppet Spår" cross country skiing
    Found 8 video(s)
    Running enrichment...
    Enrichment did not produce videos, trying next query...
  Query 2/3 (name+year): "Öppet Spår" 2026 race
    Found 8 video(s)
    Running enrichment...
    Enrichment did not produce videos, trying next query...
  Query 3/3 (display+ski): "Öppet Spår" ski race
    Found 7 video(s)
    Running enrichment...
    Enrichment did not produce videos, trying next query...
  FAILED — no query variation produced results

[12/21] payakentsut (T2, Canada) — Payakentsut
  Query 1/3 (quoted+xc): "Payakentsut" cross country skiing
    No results
  Query 2/3 (name+year): "Payakentsut" 2026 race
    No results
  Query 3/3 (display+ski): "Payakentsut" ski race
    No results
  FAILED — no query variation produced results

[13/21] peer-gynt-skimaraton (T2, Norway) — Peer Gynt Skimaraton
  Query 1/3 (quoted+xc): "Peer Gynt Skimaraton" cross country skiing
    Found 7 video(s)
    Running enrichment...
    Enrichment did not produce videos, trying next query...
  Query 2/3 (name+year): "Peer Gynt Skimaraton" 2026 race
    No results
  Query 3/3 (display+ski): "Peer Gynt Skimaraton" ski race
    Found 8 video(s)
    Running enrichment...
    Enrichment did not produce videos, trying next query...
  FAILED — no query variation produced results

[14/21] pokljuka-nordic-marathon (T2, Slovenia) — Pokljuka Nordic Marathon
  Query 1/3 (quoted+xc): "Pokljuka Nordic Marathon" cross country skiing
    Found 4 video(s)
    Running enrichment...
    Enrichment did not produce videos, trying next query...
  Query 2/3 (name+year): "Pokljuka Nordic Marathon" 2026 race
    Found 3 video(s)
    Running enrichment...
    Enrichment did not produce videos, trying next query...
  Query 3/3 (display+ski): "Pokljuka Nordic Marathon" ski race
    Found 3 video(s)
    Running enrichment...
    Enrichment did not produce videos, trying next query...
  FAILED — no query variation produced results

[15/21] saariselka-ski-marathon (T2, Finland) — Saariselkä Ski Marathon
  Query 1/3 (quoted+xc): "Saariselkä Ski Marathon" cross country skiing
    Found 8 video(s)
    Running enrichment...
    Enrichment did not produce videos, trying next query...
  Query 2/3 (name+year): "Saariselkä Ski Marathon" 2026 race
    Found 6 video(s)
    Running enrichment...
    Enrichment did not produce videos, trying next query...
  Query 3/3 (display+ski): "Saariselkä Ski Marathon" ski race
    Found 7 video(s)
    Running enrichment...
    Enrichment did not produce videos, trying next query...
  FAILED — no query variation produced results

[16/21] schwarzwald-skimarathon (T2, Germany) — Schwarzwald Skimarathon
  Query 1/3 (quoted+xc): "Schwarzwald Skimarathon" cross country skiing
    Found 8 video(s)
    Running enrichment...
    Enrichment did not produce videos, trying next query...
  Query 2/3 (name+year): "Schwarzwald Skimarathon" 2026 race
    No results
  Query 3/3 (display+ski): "Schwarzwald Skimarathon" ski race
    Found 8 video(s)
    Running enrichment...
    Enrichment did not produce videos, trying next query...
  FAILED — no query variation produced results

[17/21] snow-mountain-ranch-stampede (T2, United States) — Snow Mountain Ranch Stampede
  Query 1/3 (quoted+xc): "Snow Mountain Ranch Stampede" cross country skiing
    Found 2 video(s)
    Running enrichment...
    Enrichment did not produce videos, trying next query...
  Query 2/3 (name+year): "Snow Mountain Ranch Stampede" 2026 race
    Found 7 video(s)
    Running enrichment...
    Enrichment did not produce videos, trying next query...
  Query 3/3 (display+ski): "Snow Mountain Ranch Stampede" ski race
    Found 4 video(s)
    Running enrichment...
    Enrichment did not produce videos, trying next query...
  FAILED — no query variation produced results

[18/21] sovereign-lake-loppet (T2, Canada) — Sovereign Lake Loppet
  Query 1/3 (quoted+xc): "Sovereign Lake Loppet" cross country skiing
    Found 2 video(s)
    Running enrichment...
    Enrichment did not produce videos, trying next query...
  Query 2/3 (name+year): "Sovereign Lake Loppet" 2026 race
    No results
  Query 3/3 (display+ski): "Sovereign Lake Loppet" ski race
    Found 2 video(s)
    Running enrichment...
    Enrichment did not produce videos, trying next query...
  FAILED — no query variation produced results

[19/21] summit-2-senja (T2, Norway) — Summit 2 Senja
  Query 1/3 (quoted+xc): "Grand Finale Summit 2 Senja" cross country skiing
    Found 2 video(s)
    Running enrichment...
    Enrichment did not produce videos, trying next query...
  Query 2/3 (name+year): "Grand Finale Summit 2 Senja" 2026 race
    Found 7 video(s)
    Running enrichment...
    Enrichment did not produce videos, trying next query...
  Query 3/3 (display+ski): "Summit 2 Senja" ski race
    Found 8 video(s)
    Running enrichment...
    Enrichment did not produce videos, trying next query...
  FAILED — no query variation produced results

[20/21] tour-of-anchorage (T2, United States) — Tour of Anchorage
  Query 1/3 (quoted+xc): "Tour of Anchorage" cross country skiing
    Found 8 video(s)
    Running enrichment...
    Enrichment did not produce videos, trying next query...
  Query 2/3 (name+year): "Tour of Anchorage" 2026 race
    Found 3 video(s)
    Running enrichment...
    Enrichment did not produce videos, trying next query...
  Query 3/3 (display+ski): "Tour of Anchorage" ski race
    Found 8 video(s)
    Running enrichment...
    Enrichment did not produce videos, trying next query...
  FAILED — no query variation produced results

[21/21] zao-ski-marathon (T2, Japan) — Zao Ski Marathon
  Query 1/3 (quoted+xc): "Zao Ski Marathon" cross country skiing
    Found 6 video(s)
    Running enrichment...
    Enrichment did not produce videos, trying next query...
  Query 2/3 (name+year): "Zao Ski Marathon" 2026 race
    Found 1 video(s)
    Running enrichment...
    Enrichment did not produce videos, trying next query...
  Query 3/3 (display+ski): "Zao Ski Marathon" ski race
    Found 8 video(s)
    Running enrichment...
    Enrichment did not produce videos, trying next query...
  FAILED — no query variation produced results

======================================================================
RETRY SUMMARY
======================================================================
  Candidates:  21
  Successes:   0
  Still empty: 21

  Still empty (no YouTube content found):
    - almaty-ski-marathon
    - bieg-grunwaldzki
    - holmenkollen-skimaraton
    - ingalami
    - jamtkraft-ski-marathon
    - kainuu-ski-marathon
    - khanty-mansiysk-ski-marathon
    - krkonossky-maraton
    - kulakova-marathon
    - mont-sainte-anne-loppet
    - oppet-spar
    - payakentsut
    - peer-gynt-skimaraton
    - pokljuka-nordic-marathon
    - saariselka-ski-marathon
    - schwarzwald-skimarathon
    - snow-mountain-ranch-stampede
    - sovereign-lake-loppet
    - summit-2-senja
    - tour-of-anchorage
    - zao-ski-marathon

